C51 COMPILER V9.01   MAIN                                                                  05/13/2022 16:20:18 PAGE 1   


C51 COMPILER V9.01, COMPILATION OF MODULE MAIN
OBJECT MODULE PLACED IN .\Obj\main.obj
COMPILER INVOKED BY: C:\apps\keilc51901\C51\BIN\C51.EXE User\main.c BROWSE INCDIR(.\App\24c02;.\App\iic;.\App\key;.\App\
                    -smg;.\Public;.\App\ds18b20;.\App\ds1302;.\App\ired;.\App\time;.\App\xpt2046;.\App\pwm;.\App\lcd1602) DEBUG OBJECTEXTEND 
                    -PRINT(.\Obj\main.lst) OBJECT(.\Obj\main.obj)

line level    source

   1          #include "public.h"
   2          #include "lcd1602.h"
   3          #include "freq-duty.c"
   4          
   5          void voidf(void){}
   6          #define APP_NUM 3
   7          
   8          typedef void (*void_func)(void);//定义函数指针,便于移植应用的中断函数
   9          void_func timer0_func=voidf;
  10          void_func timer1_func=voidf;
  11          //定义应用函数结构体
  12          typedef struct{
  13              void_func app9;
  14              char ctrlc;
  15              void_func exit9;
  16          }func_app;
  17          
  18          //定义应用池
  19          func_app app_pool[APP_NUM];
  20          char app_num=APP_NUM;
  21          
  22          //应用1：方波信号占空比&频率测定
  23          void freq_duty_init(){
  24   1          timer0_func=timer0_fd;
  25   1          timer1_func=timer1_fd;
  26   1          main_fd(&(app_pool[0].ctrlc));
  27   1          //这里只有用取地址才能实现控制应用
  28   1      }
  29          void freq_duty_exit(void){
  30   1          timer0_func=voidf;
  31   1          timer1_func=voidf;
  32   1      }
  33          //应用池初始化
  34          void app_pool_init(void)
  35          {
  36   1          app_pool[0].app9=freq_duty_init;
  37   1          app_pool[0].ctrlc=0;
  38   1          app_pool[0].exit9=freq_duty_exit;
  39   1          app_pool[1].app9=voidf;
  40   1          app_pool[1].ctrlc=0;
  41   1          app_pool[1].exit9=voidf;
  42   1          app_pool[2].app9=voidf;
  43   1          app_pool[2].ctrlc=0;
  44   1          app_pool[2].exit9=voidf;
  45   1      }
  46          
  47          void main()
  48          {       
  49   1              EA=1;//打开总中断
  50   1          //初始化外部中断0，用来切换应用
  51   1              IT0=1;//跳变沿触发方式（下降沿）
  52   1              EX0=1;//打开INT1的中断允许
  53   1          lcd1602_init();
C51 COMPILER V9.01   MAIN                                                                  05/13/2022 16:20:18 PAGE 2   

  54   1          app_pool_init();
  55   1              while(1)
  56   1              {
  57   2              //切换应用
  58   2              if(app_num==APP_NUM){
  59   3                  lcd1602_clear();
  60   3                  LCD1602_V0=0;
  61   3                  delay_ms(100);
  62   3              }
  63   2              else{
  64   3                  lcd1602_clear();
  65   3                  LCD1602_V0=!LCD1602_V0;
  66   3                  app_pool[app_num].ctrlc=1;
  67   3                  app_pool[app_num].app9();
  68   3              } 
  69   2              }
  70   1      }
  71          //外部中断0用来切换应用
  72          void exti0() interrupt 0 
  73          {
  74   1          //切换应用
  75   1          if(app_num<APP_NUM)
  76   1          {
  77   2              app_pool[app_num].ctrlc=0;
  78   2              app_pool[app_num].exit9();
  79   2              //退出可以在这里实现，但进入不行，否则将难以被打断
  80   2              app_num++;
  81   2          }else app_num=0;
  82   1          //app_num=APP_NUM表示停止
  83   1      }
  84          
  85          void timer1() interrupt 3
  86          {
  87   1          timer1_func();
  88   1      }
  89          void timer0() interrupt 1//定时器0中断函数
  90          {
  91   1          timer0_func();
  92   1      }


MODULE INFORMATION:   STATIC OVERLAYABLE
   CODE SIZE        =   1621    ----
   CONSTANT SIZE    =     28    ----
   XDATA SIZE       =   ----    ----
   PDATA SIZE       =   ----    ----
   DATA SIZE        =     68       3
   IDATA SIZE       =   ----    ----
   BIT SIZE         =   ----       2
END OF MODULE INFORMATION.


C51 COMPILATION COMPLETE.  0 WARNING(S),  0 ERROR(S)
